<?xml version="1.0" encoding="UTF-8"?>
<testsuites>
  <testsuite name="C:\xampp\htdocs\shop\phpunit.xml" tests="131" assertions="305" errors="1" failures="1" skipped="0" time="4.527817">
    <testsuite name="Unit" tests="130" assertions="304" errors="1" failures="1" skipped="0" time="4.491710">
      <testsuite name="Tests\Unit\Controllers\AccountControllerHomeTest" file="C:\xampp\htdocs\shop\tests\Unit\Controllers\AccountControllerHomeTest.php" tests="4" assertions="12" errors="0" failures="0" skipped="0" time="0.164093">
        <testcase name="test_index_returns_correct_view" file="C:\xampp\htdocs\shop\tests\Unit\Controllers\AccountControllerHomeTest.php" line="33" class="Tests\Unit\Controllers\AccountControllerHomeTest" classname="Tests.Unit.Controllers.AccountControllerHomeTest" assertions="4" time="0.126644"/>
        <testcase name="test_setting_returns_correct_view" file="C:\xampp\htdocs\shop\tests\Unit\Controllers\AccountControllerHomeTest.php" line="59" class="Tests\Unit\Controllers\AccountControllerHomeTest" classname="Tests.Unit.Controllers.AccountControllerHomeTest" assertions="3" time="0.011336"/>
        <testcase name="test_update_redirects_back" file="C:\xampp\htdocs\shop\tests\Unit\Controllers\AccountControllerHomeTest.php" line="77" class="Tests\Unit\Controllers\AccountControllerHomeTest" classname="Tests.Unit.Controllers.AccountControllerHomeTest" assertions="1" time="0.015312"/>
        <testcase name="test_order_returns_correct_view_for_single_order" file="C:\xampp\htdocs\shop\tests\Unit\Controllers\AccountControllerHomeTest.php" line="94" class="Tests\Unit\Controllers\AccountControllerHomeTest" classname="Tests.Unit.Controllers.AccountControllerHomeTest" assertions="4" time="0.010800"/>
      </testsuite>
      <testsuite name="Tests\Unit\Controllers\Admin\MenuControllerTest" file="C:\xampp\htdocs\shop\tests\Unit\Controllers\Admin\MenuControllerTest.php" tests="6" assertions="22" errors="0" failures="0" skipped="0" time="0.854808">
        <testcase name="test_create_view_shows_correctly" file="C:\xampp\htdocs\shop\tests\Unit\Controllers\Admin\MenuControllerTest.php" line="19" class="Tests\Unit\Controllers\Admin\MenuControllerTest" classname="Tests.Unit.Controllers.Admin.MenuControllerTest" assertions="4" time="0.611622"/>
        <testcase name="test_store_creates_menu" file="C:\xampp\htdocs\shop\tests\Unit\Controllers\Admin\MenuControllerTest.php" line="36" class="Tests\Unit\Controllers\Admin\MenuControllerTest" classname="Tests.Unit.Controllers.Admin.MenuControllerTest" assertions="3" time="0.041871"/>
        <testcase name="test_index_view_shows_menus" file="C:\xampp\htdocs\shop\tests\Unit\Controllers\Admin\MenuControllerTest.php" line="67" class="Tests\Unit\Controllers\Admin\MenuControllerTest" classname="Tests.Unit.Controllers.Admin.MenuControllerTest" assertions="5" time="0.041309"/>
        <testcase name="test_show_view_shows_correct_menu" file="C:\xampp\htdocs\shop\tests\Unit\Controllers\Admin\MenuControllerTest.php" line="89" class="Tests\Unit\Controllers\Admin\MenuControllerTest" classname="Tests.Unit.Controllers.Admin.MenuControllerTest" assertions="3" time="0.046449"/>
        <testcase name="test_update_menu" file="C:\xampp\htdocs\shop\tests\Unit\Controllers\Admin\MenuControllerTest.php" line="107" class="Tests\Unit\Controllers\Admin\MenuControllerTest" classname="Tests.Unit.Controllers.Admin.MenuControllerTest" assertions="3" time="0.060671"/>
        <testcase name="test_destroy_menu" file="C:\xampp\htdocs\shop\tests\Unit\Controllers\Admin\MenuControllerTest.php" line="155" class="Tests\Unit\Controllers\Admin\MenuControllerTest" classname="Tests.Unit.Controllers.Admin.MenuControllerTest" assertions="4" time="0.052885"/>
      </testsuite>
      <testsuite name="Tests\Unit\Controllers\Admin\OrderControllerTest" file="C:\xampp\htdocs\shop\tests\Unit\Controllers\Admin\OrderControllerTest.php" tests="5" assertions="12" errors="0" failures="0" skipped="0" time="0.076238">
        <testcase name="test_index_returns_correct_view" file="C:\xampp\htdocs\shop\tests\Unit\Controllers\Admin\OrderControllerTest.php" line="23" class="Tests\Unit\Controllers\Admin\OrderControllerTest" classname="Tests.Unit.Controllers.Admin.OrderControllerTest" assertions="4" time="0.019999"/>
        <testcase name="test_show_returns_correct_view" file="C:\xampp\htdocs\shop\tests\Unit\Controllers\Admin\OrderControllerTest.php" line="41" class="Tests\Unit\Controllers\Admin\OrderControllerTest" classname="Tests.Unit.Controllers.Admin.OrderControllerTest" assertions="5" time="0.013230"/>
        <testcase name="test_shipping_calls_service_and_redirects" file="C:\xampp\htdocs\shop\tests\Unit\Controllers\Admin\OrderControllerTest.php" line="67" class="Tests\Unit\Controllers\Admin\OrderControllerTest" classname="Tests.Unit.Controllers.Admin.OrderControllerTest" assertions="1" time="0.012940"/>
        <testcase name="test_cancel_calls_service_and_redirects" file="C:\xampp\htdocs\shop\tests\Unit\Controllers\Admin\OrderControllerTest.php" line="82" class="Tests\Unit\Controllers\Admin\OrderControllerTest" classname="Tests.Unit.Controllers.Admin.OrderControllerTest" assertions="1" time="0.015728"/>
        <testcase name="test_complete_calls_service_and_redirects" file="C:\xampp\htdocs\shop\tests\Unit\Controllers\Admin\OrderControllerTest.php" line="97" class="Tests\Unit\Controllers\Admin\OrderControllerTest" classname="Tests.Unit.Controllers.Admin.OrderControllerTest" assertions="1" time="0.014341"/>
      </testsuite>
      <testsuite name="Tests\Unit\Controllers\Admin\ProductControllerTest" file="C:\xampp\htdocs\shop\tests\Unit\Controllers\Admin\ProductControllerTest.php" tests="8" assertions="21" errors="0" failures="0" skipped="0" time="0.262306">
        <testcase name="test_index_returns_correct_view" file="C:\xampp\htdocs\shop\tests\Unit\Controllers\Admin\ProductControllerTest.php" line="31" class="Tests\Unit\Controllers\Admin\ProductControllerTest" classname="Tests.Unit.Controllers.Admin.ProductControllerTest" assertions="4" time="0.048116"/>
        <testcase name="test_create_returns_correct_view" file="C:\xampp\htdocs\shop\tests\Unit\Controllers\Admin\ProductControllerTest.php" line="52" class="Tests\Unit\Controllers\Admin\ProductControllerTest" classname="Tests.Unit.Controllers.Admin.ProductControllerTest" assertions="4" time="0.044351"/>
        <testcase name="test_store_product" file="C:\xampp\htdocs\shop\tests\Unit\Controllers\Admin\ProductControllerTest.php" line="67" class="Tests\Unit\Controllers\Admin\ProductControllerTest" classname="Tests.Unit.Controllers.Admin.ProductControllerTest" assertions="2" time="0.019564"/>
        <testcase name="test_show_product" file="C:\xampp\htdocs\shop\tests\Unit\Controllers\Admin\ProductControllerTest.php" line="98" class="Tests\Unit\Controllers\Admin\ProductControllerTest" classname="Tests.Unit.Controllers.Admin.ProductControllerTest" assertions="5" time="0.042180"/>
        <testcase name="test_update_product" file="C:\xampp\htdocs\shop\tests\Unit\Controllers\Admin\ProductControllerTest.php" line="115" class="Tests\Unit\Controllers\Admin\ProductControllerTest" classname="Tests.Unit.Controllers.Admin.ProductControllerTest" assertions="2" time="0.030095"/>
        <testcase name="test_update_product_fails" file="C:\xampp\htdocs\shop\tests\Unit\Controllers\Admin\ProductControllerTest.php" line="150" class="Tests\Unit\Controllers\Admin\ProductControllerTest" classname="Tests.Unit.Controllers.Admin.ProductControllerTest" assertions="2" time="0.030821"/>
        <testcase name="test_destroy_product" file="C:\xampp\htdocs\shop\tests\Unit\Controllers\Admin\ProductControllerTest.php" line="185" class="Tests\Unit\Controllers\Admin\ProductControllerTest" classname="Tests.Unit.Controllers.Admin.ProductControllerTest" assertions="1" time="0.019014"/>
        <testcase name="test_destroy_product_fails" file="C:\xampp\htdocs\shop\tests\Unit\Controllers\Admin\ProductControllerTest.php" line="203" class="Tests\Unit\Controllers\Admin\ProductControllerTest" classname="Tests.Unit.Controllers.Admin.ProductControllerTest" assertions="1" time="0.028165"/>
      </testsuite>
      <testsuite name="Tests\Unit\Controllers\Admin\SliderControllerTest" file="C:\xampp\htdocs\shop\tests\Unit\Controllers\Admin\SliderControllerTest.php" tests="9" assertions="28" errors="0" failures="0" skipped="0" time="0.322889">
        <testcase name="test_create_returns_correct_view" file="C:\xampp\htdocs\shop\tests\Unit\Controllers\Admin\SliderControllerTest.php" line="35" class="Tests\Unit\Controllers\Admin\SliderControllerTest" classname="Tests.Unit.Controllers.Admin.SliderControllerTest" assertions="4" time="0.025931"/>
        <testcase name="test_store_slider_successfully" file="C:\xampp\htdocs\shop\tests\Unit\Controllers\Admin\SliderControllerTest.php" line="46" class="Tests\Unit\Controllers\Admin\SliderControllerTest" classname="Tests.Unit.Controllers.Admin.SliderControllerTest" assertions="3" time="0.048559"/>
        <testcase name="test_index_displays_sliders" file="C:\xampp\htdocs\shop\tests\Unit\Controllers\Admin\SliderControllerTest.php" line="75" class="Tests\Unit\Controllers\Admin\SliderControllerTest" classname="Tests.Unit.Controllers.Admin.SliderControllerTest" assertions="5" time="0.023892"/>
        <testcase name="test_show_displays_edit_form" file="C:\xampp\htdocs\shop\tests\Unit\Controllers\Admin\SliderControllerTest.php" line="97" class="Tests\Unit\Controllers\Admin\SliderControllerTest" classname="Tests.Unit.Controllers.Admin.SliderControllerTest" assertions="4" time="0.020919"/>
        <testcase name="test_update_slider_successfully" file="C:\xampp\htdocs\shop\tests\Unit\Controllers\Admin\SliderControllerTest.php" line="109" class="Tests\Unit\Controllers\Admin\SliderControllerTest" classname="Tests.Unit.Controllers.Admin.SliderControllerTest" assertions="3" time="0.040631"/>
        <testcase name="test_destroy_slider_successfully" file="C:\xampp\htdocs\shop\tests\Unit\Controllers\Admin\SliderControllerTest.php" line="139" class="Tests\Unit\Controllers\Admin\SliderControllerTest" classname="Tests.Unit.Controllers.Admin.SliderControllerTest" assertions="2" time="0.039407"/>
        <testcase name="test_destroy_slider_fails" file="C:\xampp\htdocs\shop\tests\Unit\Controllers\Admin\SliderControllerTest.php" line="159" class="Tests\Unit\Controllers\Admin\SliderControllerTest" classname="Tests.Unit.Controllers.Admin.SliderControllerTest" assertions="2" time="0.044918"/>
        <testcase name="test_unauthorized_user_cannot_access_sliders" file="C:\xampp\htdocs\shop\tests\Unit\Controllers\Admin\SliderControllerTest.php" line="179" class="Tests\Unit\Controllers\Admin\SliderControllerTest" classname="Tests.Unit.Controllers.Admin.SliderControllerTest" assertions="2" time="0.054694"/>
        <testcase name="test_non_admin_user_cannot_access_sliders" file="C:\xampp\htdocs\shop\tests\Unit\Controllers\Admin\SliderControllerTest.php" line="187" class="Tests\Unit\Controllers\Admin\SliderControllerTest" classname="Tests.Unit.Controllers.Admin.SliderControllerTest" assertions="3" time="0.023938"/>
      </testsuite>
      <testsuite name="Tests\Unit\Controllers\Admin\UploadControllerTest" file="C:\xampp\htdocs\shop\tests\Unit\Controllers\Admin\UploadControllerTest.php" tests="2" assertions="4" errors="0" failures="0" skipped="0" time="0.034988">
        <testcase name="test_store_returns_success_response_when_upload_successful" file="C:\xampp\htdocs\shop\tests\Unit\Controllers\Admin\UploadControllerTest.php" line="25" class="Tests\Unit\Controllers\Admin\UploadControllerTest" classname="Tests.Unit.Controllers.Admin.UploadControllerTest" assertions="2" time="0.022811"/>
        <testcase name="test_store_returns_error_response_when_upload_fails" file="C:\xampp\htdocs\shop\tests\Unit\Controllers\Admin\UploadControllerTest.php" line="49" class="Tests\Unit\Controllers\Admin\UploadControllerTest" classname="Tests.Unit.Controllers.Admin.UploadControllerTest" assertions="2" time="0.012177"/>
      </testsuite>
      <testsuite name="Tests\Unit\Controllers\Admin\UserControllerTest" file="C:\xampp\htdocs\shop\tests\Unit\Controllers\Admin\UserControllerTest.php" tests="5" assertions="13" errors="0" failures="0" skipped="0" time="0.138248">
        <testcase name="test_index_returns_correct_view" file="C:\xampp\htdocs\shop\tests\Unit\Controllers\Admin\UserControllerTest.php" line="30" class="Tests\Unit\Controllers\Admin\UserControllerTest" classname="Tests.Unit.Controllers.Admin.UserControllerTest" assertions="4" time="0.026253"/>
        <testcase name="test_show_returns_correct_view" file="C:\xampp\htdocs\shop\tests\Unit\Controllers\Admin\UserControllerTest.php" line="65" class="Tests\Unit\Controllers\Admin\UserControllerTest" classname="Tests.Unit.Controllers.Admin.UserControllerTest" assertions="4" time="0.023363"/>
        <testcase name="test_update_user_information" file="C:\xampp\htdocs\shop\tests\Unit\Controllers\Admin\UserControllerTest.php" line="80" class="Tests\Unit\Controllers\Admin\UserControllerTest" classname="Tests.Unit.Controllers.Admin.UserControllerTest" assertions="2" time="0.020529"/>
        <testcase name="test_change_password" file="C:\xampp\htdocs\shop\tests\Unit\Controllers\Admin\UserControllerTest.php" line="104" class="Tests\Unit\Controllers\Admin\UserControllerTest" classname="Tests.Unit.Controllers.Admin.UserControllerTest" assertions="2" time="0.037846"/>
        <testcase name="test_unauthorized_access" file="C:\xampp\htdocs\shop\tests\Unit\Controllers\Admin\UserControllerTest.php" line="126" class="Tests\Unit\Controllers\Admin\UserControllerTest" classname="Tests.Unit.Controllers.Admin.UserControllerTest" assertions="1" time="0.030258"/>
      </testsuite>
      <testsuite name="Tests\Unit\Controllers\CartControllerTest" file="C:\xampp\htdocs\shop\tests\Unit\Controllers\CartControllerTest.php" tests="7" assertions="17" errors="0" failures="0" skipped="0" time="0.088456">
        <testcase name="test_index_returns_redirect_with_correct_status_code" file="C:\xampp\htdocs\shop\tests\Unit\Controllers\CartControllerTest.php" line="27" class="Tests\Unit\Controllers\CartControllerTest" classname="Tests.Unit.Controllers.CartControllerTest" assertions="2" time="0.016315"/>
        <testcase name="test_show_returns_view_with_success_status" file="C:\xampp\htdocs\shop\tests\Unit\Controllers\CartControllerTest.php" line="41" class="Tests\Unit\Controllers\CartControllerTest" classname="Tests.Unit.Controllers.CartControllerTest" assertions="5" time="0.013731"/>
        <testcase name="test_update_redirects_with_correct_status" file="C:\xampp\htdocs\shop\tests\Unit\Controllers\CartControllerTest.php" line="63" class="Tests\Unit\Controllers\CartControllerTest" classname="Tests.Unit.Controllers.CartControllerTest" assertions="2" time="0.011895"/>
        <testcase name="test_remove_redirects_with_correct_status" file="C:\xampp\htdocs\shop\tests\Unit\Controllers\CartControllerTest.php" line="80" class="Tests\Unit\Controllers\CartControllerTest" classname="Tests.Unit.Controllers.CartControllerTest" assertions="2" time="0.011454"/>
        <testcase name="test_add_carts_redirects_with_correct_status" file="C:\xampp\htdocs\shop\tests\Unit\Controllers\CartControllerTest.php" line="94" class="Tests\Unit\Controllers\CartControllerTest" classname="Tests.Unit.Controllers.CartControllerTest" assertions="2" time="0.011630"/>
        <testcase name="test_index_with_service_error" file="C:\xampp\htdocs\shop\tests\Unit\Controllers\CartControllerTest.php" line="112" class="Tests\Unit\Controllers\CartControllerTest" classname="Tests.Unit.Controllers.CartControllerTest" assertions="2" time="0.012226"/>
        <testcase name="test_show_with_service_error" file="C:\xampp\htdocs\shop\tests\Unit\Controllers\CartControllerTest.php" line="127" class="Tests\Unit\Controllers\CartControllerTest" classname="Tests.Unit.Controllers.CartControllerTest" assertions="2" time="0.011204"/>
      </testsuite>
      <testsuite name="Tests\Unit\Controllers\ForgotPasswordControllerTest" file="C:\xampp\htdocs\shop\tests\Unit\Controllers\ForgotPasswordControllerTest.php" tests="5" assertions="8" errors="0" failures="0" skipped="0" time="0.073259">
        <testcase name="test_show_forgot_password_form" file="C:\xampp\htdocs\shop\tests\Unit\Controllers\ForgotPasswordControllerTest.php" line="25" class="Tests\Unit\Controllers\ForgotPasswordControllerTest" classname="Tests.Unit.Controllers.ForgotPasswordControllerTest" assertions="2" time="0.015029"/>
        <testcase name="test_handle_forgot_password_with_invalid_email" file="C:\xampp\htdocs\shop\tests\Unit\Controllers\ForgotPasswordControllerTest.php" line="38" class="Tests\Unit\Controllers\ForgotPasswordControllerTest" classname="Tests.Unit.Controllers.ForgotPasswordControllerTest" assertions="1" time="0.016935"/>
        <testcase name="test_handle_forgot_password_with_valid_email" file="C:\xampp\htdocs\shop\tests\Unit\Controllers\ForgotPasswordControllerTest.php" line="54" class="Tests\Unit\Controllers\ForgotPasswordControllerTest" classname="Tests.Unit.Controllers.ForgotPasswordControllerTest" assertions="1" time="0.012003"/>
        <testcase name="test_show_reset_password_form_without_email" file="C:\xampp\htdocs\shop\tests\Unit\Controllers\ForgotPasswordControllerTest.php" line="72" class="Tests\Unit\Controllers\ForgotPasswordControllerTest" classname="Tests.Unit.Controllers.ForgotPasswordControllerTest" assertions="2" time="0.011938"/>
        <testcase name="test_handle_reset_password_success" file="C:\xampp\htdocs\shop\tests\Unit\Controllers\ForgotPasswordControllerTest.php" line="82" class="Tests\Unit\Controllers\ForgotPasswordControllerTest" classname="Tests.Unit.Controllers.ForgotPasswordControllerTest" assertions="2" time="0.017354"/>
      </testsuite>
      <testsuite name="Tests\Unit\Controllers\LoginControllerTest" file="C:\xampp\htdocs\shop\tests\Unit\Controllers\LoginControllerTest.php" tests="8" assertions="25" errors="0" failures="0" skipped="0" time="0.544827">
        <testcase name="test_index_returns_login_view" file="C:\xampp\htdocs\shop\tests\Unit\Controllers\LoginControllerTest.php" line="15" class="Tests\Unit\Controllers\LoginControllerTest" classname="Tests.Unit.Controllers.LoginControllerTest" assertions="3" time="0.052558"/>
        <testcase name="test_register_returns_signup_view" file="C:\xampp\htdocs\shop\tests\Unit\Controllers\LoginControllerTest.php" line="24" class="Tests\Unit\Controllers\LoginControllerTest" classname="Tests.Unit.Controllers.LoginControllerTest" assertions="3" time="0.033273"/>
        <testcase name="test_store_authenticates_valid_user" file="C:\xampp\htdocs\shop\tests\Unit\Controllers\LoginControllerTest.php" line="33" class="Tests\Unit\Controllers\LoginControllerTest" classname="Tests.Unit.Controllers.LoginControllerTest" assertions="3" time="0.046655"/>
        <testcase name="test_store_redirects_admin_to_admin_page" file="C:\xampp\htdocs\shop\tests\Unit\Controllers\LoginControllerTest.php" line="51" class="Tests\Unit\Controllers\LoginControllerTest" classname="Tests.Unit.Controllers.LoginControllerTest" assertions="2" time="0.039061"/>
        <testcase name="test_store_fails_with_invalid_credentials" file="C:\xampp\htdocs\shop\tests\Unit\Controllers\LoginControllerTest.php" line="67" class="Tests\Unit\Controllers\LoginControllerTest" classname="Tests.Unit.Controllers.LoginControllerTest" assertions="2" time="0.257008"/>
        <testcase name="test_postregister_creates_new_user" file="C:\xampp\htdocs\shop\tests\Unit\Controllers\LoginControllerTest.php" line="78" class="Tests\Unit\Controllers\LoginControllerTest" classname="Tests.Unit.Controllers.LoginControllerTest" assertions="4" time="0.048780"/>
        <testcase name="test_postregister_validates_required_fields" file="C:\xampp\htdocs\shop\tests\Unit\Controllers\LoginControllerTest.php" line="97" class="Tests\Unit\Controllers\LoginControllerTest" classname="Tests.Unit.Controllers.LoginControllerTest" assertions="5" time="0.028027"/>
        <testcase name="test_logout_logs_out_user" file="C:\xampp\htdocs\shop\tests\Unit\Controllers\LoginControllerTest.php" line="104" class="Tests\Unit\Controllers\LoginControllerTest" classname="Tests.Unit.Controllers.LoginControllerTest" assertions="3" time="0.039465"/>
      </testsuite>
      <testsuite name="Tests\Unit\Controllers\MainControllerHomeTest" file="C:\xampp\htdocs\shop\tests\Unit\Controllers\MainControllerHomeTest.php" tests="4" assertions="9" errors="0" failures="0" skipped="0" time="0.052892">
        <testcase name="test_index_returns_correct_view" file="C:\xampp\htdocs\shop\tests\Unit\Controllers\MainControllerHomeTest.php" line="37" class="Tests\Unit\Controllers\MainControllerHomeTest" classname="Tests.Unit.Controllers.MainControllerHomeTest" assertions="2" time="0.016031"/>
        <testcase name="test_load_products_with_data" file="C:\xampp\htdocs\shop\tests\Unit\Controllers\MainControllerHomeTest.php" line="53" class="Tests\Unit\Controllers\MainControllerHomeTest" classname="Tests.Unit.Controllers.MainControllerHomeTest" assertions="2" time="0.011907"/>
        <testcase name="test_search_with_results" file="C:\xampp\htdocs\shop\tests\Unit\Controllers\MainControllerHomeTest.php" line="90" class="Tests\Unit\Controllers\MainControllerHomeTest" classname="Tests.Unit.Controllers.MainControllerHomeTest" assertions="2" time="0.012573"/>
        <testcase name="test_search_money_with_results" file="C:\xampp\htdocs\shop\tests\Unit\Controllers\MainControllerHomeTest.php" line="118" class="Tests\Unit\Controllers\MainControllerHomeTest" classname="Tests.Unit.Controllers.MainControllerHomeTest" assertions="3" time="0.012381"/>
      </testsuite>
      <testsuite name="Tests\Unit\Controllers\MenuControllerHomeTest" file="C:\xampp\htdocs\shop\tests\Unit\Controllers\MenuControllerHomeTest.php" tests="2" assertions="8" errors="0" failures="0" skipped="0" time="0.027271">
        <testcase name="test_index_with_parent_id_zero" file="C:\xampp\htdocs\shop\tests\Unit\Controllers\MenuControllerHomeTest.php" line="33" class="Tests\Unit\Controllers\MenuControllerHomeTest" classname="Tests.Unit.Controllers.MenuControllerHomeTest" assertions="4" time="0.014981"/>
        <testcase name="test_index_with_non_zero_parent_id" file="C:\xampp\htdocs\shop\tests\Unit\Controllers\MenuControllerHomeTest.php" line="70" class="Tests\Unit\Controllers\MenuControllerHomeTest" classname="Tests.Unit.Controllers.MenuControllerHomeTest" assertions="4" time="0.012289"/>
      </testsuite>
      <testsuite name="Tests\Unit\Controllers\ProductControllerHomeTest" file="C:\xampp\htdocs\shop\tests\Unit\Controllers\ProductControllerHomeTest.php" tests="1" assertions="6" errors="0" failures="0" skipped="0" time="0.013027">
        <testcase name="test_index_method_returns_correct_view" file="C:\xampp\htdocs\shop\tests\Unit\Controllers\ProductControllerHomeTest.php" line="33" class="Tests\Unit\Controllers\ProductControllerHomeTest" classname="Tests.Unit.Controllers.ProductControllerHomeTest" assertions="6" time="0.013027"/>
      </testsuite>
      <testsuite name="Tests\Unit\Controllers\WishlistControllerTest" file="C:\xampp\htdocs\shop\tests\Unit\Controllers\WishlistControllerTest.php" tests="4" assertions="13" errors="0" failures="0" skipped="0" time="0.158460">
        <testcase name="test_index_displays_wishlist" file="C:\xampp\htdocs\shop\tests\Unit\Controllers\WishlistControllerTest.php" line="37" class="Tests\Unit\Controllers\WishlistControllerTest" classname="Tests.Unit.Controllers.WishlistControllerTest" assertions="4" time="0.046852"/>
        <testcase name="test_store_adds_product_to_wishlist" file="C:\xampp\htdocs\shop\tests\Unit\Controllers\WishlistControllerTest.php" line="62" class="Tests\Unit\Controllers\WishlistControllerTest" classname="Tests.Unit.Controllers.WishlistControllerTest" assertions="3" time="0.048377"/>
        <testcase name="test_destroy_removes_product_from_wishlist" file="C:\xampp\htdocs\shop\tests\Unit\Controllers\WishlistControllerTest.php" line="80" class="Tests\Unit\Controllers\WishlistControllerTest" classname="Tests.Unit.Controllers.WishlistControllerTest" assertions="3" time="0.040565"/>
        <testcase name="test_store_prevents_duplicate_wishlist_items" file="C:\xampp\htdocs\shop\tests\Unit\Controllers\WishlistControllerTest.php" line="104" class="Tests\Unit\Controllers\WishlistControllerTest" classname="Tests.Unit.Controllers.WishlistControllerTest" assertions="3" time="0.022666"/>
      </testsuite>
      <testsuite name="Tests\Unit\ExampleTest" file="C:\xampp\htdocs\shop\tests\Unit\ExampleTest.php" tests="1" assertions="1" errors="0" failures="0" skipped="0" time="0.002609">
        <testcase name="test_that_true_is_true" file="C:\xampp\htdocs\shop\tests\Unit\ExampleTest.php" line="12" class="Tests\Unit\ExampleTest" classname="Tests.Unit.ExampleTest" assertions="1" time="0.002609"/>
      </testsuite>
      <testsuite name="Tests\Unit\HelperTest" file="C:\xampp\htdocs\shop\tests\Unit\HelperTest.php" tests="9" assertions="13" errors="0" failures="0" skipped="0" time="0.001109">
        <testcase name="test_active_method_returns_active_html" file="C:\xampp\htdocs\shop\tests\Unit\HelperTest.php" line="10" class="Tests\Unit\HelperTest" classname="Tests.Unit.HelperTest" assertions="1" time="0.000430"/>
        <testcase name="test_active_method_returns_inactive_html" file="C:\xampp\htdocs\shop\tests\Unit\HelperTest.php" line="16" class="Tests\Unit\HelperTest" classname="Tests.Unit.HelperTest" assertions="1" time="0.000083"/>
        <testcase name="test_price_method_with_sale_price" file="C:\xampp\htdocs\shop\tests\Unit\HelperTest.php" line="21" class="Tests\Unit\HelperTest" classname="Tests.Unit.HelperTest" assertions="1" time="0.000082"/>
        <testcase name="test_price_method_without_sale_price" file="C:\xampp\htdocs\shop\tests\Unit\HelperTest.php" line="28" class="Tests\Unit\HelperTest" classname="Tests.Unit.HelperTest" assertions="1" time="0.000078"/>
        <testcase name="test_price_method_without_price" file="C:\xampp\htdocs\shop\tests\Unit\HelperTest.php" line="34" class="Tests\Unit\HelperTest" classname="Tests.Unit.HelperTest" assertions="1" time="0.000074"/>
        <testcase name="test_is_child_method_returns_true" file="C:\xampp\htdocs\shop\tests\Unit\HelperTest.php" line="39" class="Tests\Unit\HelperTest" classname="Tests.Unit.HelperTest" assertions="1" time="0.000077"/>
        <testcase name="test_is_child_method_returns_false" file="C:\xampp\htdocs\shop\tests\Unit\HelperTest.php" line="49" class="Tests\Unit\HelperTest" classname="Tests.Unit.HelperTest" assertions="1" time="0.000078"/>
        <testcase name="test_menus_method" file="C:\xampp\htdocs\shop\tests\Unit\HelperTest.php" line="58" class="Tests\Unit\HelperTest" classname="Tests.Unit.HelperTest" assertions="4" time="0.000095"/>
        <testcase name="test_menu_method" file="C:\xampp\htdocs\shop\tests\Unit\HelperTest.php" line="72" class="Tests\Unit\HelperTest" classname="Tests.Unit.HelperTest" assertions="2" time="0.000111"/>
      </testsuite>
      <testsuite name="Service\AccountAdminServiceTest" file="C:\xampp\htdocs\shop\tests\Unit\Service\AccountAdminServiceTest.php" tests="3" assertions="6" errors="0" failures="0" skipped="0" time="0.139522">
        <testcase name="testGetAllUsers" file="C:\xampp\htdocs\shop\tests\Unit\Service\AccountAdminServiceTest.php" line="22" class="Service\AccountAdminServiceTest" classname="Service.AccountAdminServiceTest" assertions="2" time="0.049856"/>
        <testcase name="testUpdateUser" file="C:\xampp\htdocs\shop\tests\Unit\Service\AccountAdminServiceTest.php" line="35" class="Service\AccountAdminServiceTest" classname="Service.AccountAdminServiceTest" assertions="2" time="0.049910"/>
        <testcase name="testChangePassword" file="C:\xampp\htdocs\shop\tests\Unit\Service\AccountAdminServiceTest.php" line="55" class="Service\AccountAdminServiceTest" classname="Service.AccountAdminServiceTest" assertions="2" time="0.039756"/>
      </testsuite>
      <testsuite name="Service\AccountServiceTest" file="C:\xampp\htdocs\shop\tests\Unit\Service\AccountServiceTest.php" tests="7" assertions="17" errors="0" failures="0" skipped="0" time="0.243497">
        <testcase name="testUpdateUserSuccess" file="C:\xampp\htdocs\shop\tests\Unit\Service\AccountServiceTest.php" line="27" class="Service\AccountServiceTest" classname="Service.AccountServiceTest" assertions="6" time="0.023908"/>
        <testcase name="testUpdateUserWithInvalidId" file="C:\xampp\htdocs\shop\tests\Unit\Service\AccountServiceTest.php" line="53" class="Service\AccountServiceTest" classname="Service.AccountServiceTest" assertions="1" time="0.025178"/>
        <testcase name="testGetOrdersWithValidUser" file="C:\xampp\htdocs\shop\tests\Unit\Service\AccountServiceTest.php" line="63" class="Service\AccountServiceTest" classname="Service.AccountServiceTest" assertions="2" time="0.043692"/>
        <testcase name="testGetOrdersWithInvalidUser" file="C:\xampp\htdocs\shop\tests\Unit\Service\AccountServiceTest.php" line="83" class="Service\AccountServiceTest" classname="Service.AccountServiceTest" assertions="1" time="0.034826"/>
        <testcase name="testChangePasswordSuccess" file="C:\xampp\htdocs\shop\tests\Unit\Service\AccountServiceTest.php" line="89" class="Service\AccountServiceTest" classname="Service.AccountServiceTest" assertions="2" time="0.039620"/>
        <testcase name="testChangePasswordWithWrongOldPassword" file="C:\xampp\htdocs\shop\tests\Unit\Service\AccountServiceTest.php" line="107" class="Service\AccountServiceTest" classname="Service.AccountServiceTest" assertions="3" time="0.046327"/>
        <testcase name="testCancelOrder" file="C:\xampp\htdocs\shop\tests\Unit\Service\AccountServiceTest.php" line="145" class="Service\AccountServiceTest" classname="Service.AccountServiceTest" assertions="2" time="0.029946"/>
      </testsuite>
      <testsuite name="Service\CartServiceTest" file="C:\xampp\htdocs\shop\tests\Unit\Service\CartServiceTest.php" tests="5" assertions="12" errors="0" failures="0" skipped="0" time="0.178541">
        <testcase name="test_create_cart_with_valid_quantity" file="C:\xampp\htdocs\shop\tests\Unit\Service\CartServiceTest.php" line="25" class="Service\CartServiceTest" classname="Service.CartServiceTest" assertions="2" time="0.038944"/>
        <testcase name="test_create_cart_with_invalid_quantity" file="C:\xampp\htdocs\shop\tests\Unit\Service\CartServiceTest.php" line="44" class="Service\CartServiceTest" classname="Service.CartServiceTest" assertions="2" time="0.015397"/>
        <testcase name="test_get_product_from_cart" file="C:\xampp\htdocs\shop\tests\Unit\Service\CartServiceTest.php" line="62" class="Service\CartServiceTest" classname="Service.CartServiceTest" assertions="2" time="0.031383"/>
        <testcase name="test_destroy_cart_item" file="C:\xampp\htdocs\shop\tests\Unit\Service\CartServiceTest.php" line="78" class="Service\CartServiceTest" classname="Service.CartServiceTest" assertions="2" time="0.031333"/>
        <testcase name="test_add_carts_successfully" file="C:\xampp\htdocs\shop\tests\Unit\Service\CartServiceTest.php" line="91" class="Service\CartServiceTest" classname="Service.CartServiceTest" assertions="4" time="0.061484"/>
      </testsuite>
      <testsuite name="Tests\Unit\Service\MenuServiceTest" file="C:\xampp\htdocs\shop\tests\Unit\Service\MenuServiceTest.php" tests="8" assertions="14" errors="0" failures="0" skipped="0" time="0.198052">
        <testcase name="test_create_menu_success" file="C:\xampp\htdocs\shop\tests\Unit\Service\MenuServiceTest.php" line="16" class="Tests\Unit\Service\MenuServiceTest" classname="Tests.Unit.Service.MenuServiceTest" assertions="2" time="0.034507"/>
        <testcase name="test_create_menu_failure" file="C:\xampp\htdocs\shop\tests\Unit\Service\MenuServiceTest.php" line="37" class="Tests\Unit\Service\MenuServiceTest" classname="Tests.Unit.Service.MenuServiceTest" assertions="2" time="0.014368"/>
        <testcase name="test_show_menus" file="C:\xampp\htdocs\shop\tests\Unit\Service\MenuServiceTest.php" line="53" class="Tests\Unit\Service\MenuServiceTest" classname="Tests.Unit.Service.MenuServiceTest" assertions="2" time="0.015947"/>
        <testcase name="test_get_parent_menus" file="C:\xampp\htdocs\shop\tests\Unit\Service\MenuServiceTest.php" line="68" class="Tests\Unit\Service\MenuServiceTest" classname="Tests.Unit.Service.MenuServiceTest" assertions="2" time="0.027600"/>
        <testcase name="test_destroy_menu_success" file="C:\xampp\htdocs\shop\tests\Unit\Service\MenuServiceTest.php" line="83" class="Tests\Unit\Service\MenuServiceTest" classname="Tests.Unit.Service.MenuServiceTest" assertions="1" time="0.031431"/>
        <testcase name="test_destroy_menu_failure" file="C:\xampp\htdocs\shop\tests\Unit\Service\MenuServiceTest.php" line="109" class="Tests\Unit\Service\MenuServiceTest" classname="Tests.Unit.Service.MenuServiceTest" assertions="1" time="0.013872"/>
        <testcase name="test_update_menu_success" file="C:\xampp\htdocs\shop\tests\Unit\Service\MenuServiceTest.php" line="123" class="Tests\Unit\Service\MenuServiceTest" classname="Tests.Unit.Service.MenuServiceTest" assertions="2" time="0.031385"/>
        <testcase name="test_update_menu_failure" file="C:\xampp\htdocs\shop\tests\Unit\Service\MenuServiceTest.php" line="147" class="Tests\Unit\Service\MenuServiceTest" classname="Tests.Unit.Service.MenuServiceTest" assertions="2" time="0.028942"/>
      </testsuite>
      <testsuite name="Tests\Unit\Service\OrderServiceTest" file="C:\xampp\htdocs\shop\tests\Unit\Service\OrderServiceTest.php" tests="5" assertions="10" errors="0" failures="0" skipped="0" time="0.190184">
        <testcase name="test_get_all_orders" file="C:\xampp\htdocs\shop\tests\Unit\Service\OrderServiceTest.php" line="24" class="Tests\Unit\Service\OrderServiceTest" classname="Tests.Unit.Service.OrderServiceTest" assertions="3" time="0.046526"/>
        <testcase name="test_get_order_details" file="C:\xampp\htdocs\shop\tests\Unit\Service\OrderServiceTest.php" line="45" class="Tests\Unit\Service\OrderServiceTest" classname="Tests.Unit.Service.OrderServiceTest" assertions="3" time="0.046456"/>
        <testcase name="test_submit_order" file="C:\xampp\htdocs\shop\tests\Unit\Service\OrderServiceTest.php" line="67" class="Tests\Unit\Service\OrderServiceTest" classname="Tests.Unit.Service.OrderServiceTest" assertions="1" time="0.046300"/>
        <testcase name="test_cancel_order" file="C:\xampp\htdocs\shop\tests\Unit\Service\OrderServiceTest.php" line="85" class="Tests\Unit\Service\OrderServiceTest" classname="Tests.Unit.Service.OrderServiceTest" assertions="2" time="0.031942"/>
        <testcase name="test_complete_order" file="C:\xampp\htdocs\shop\tests\Unit\Service\OrderServiceTest.php" line="105" class="Tests\Unit\Service\OrderServiceTest" classname="Tests.Unit.Service.OrderServiceTest" assertions="1" time="0.018959"/>
      </testsuite>
      <testsuite name="Tests\Unit\Service\ProductAdminServiceTest" file="C:\xampp\htdocs\shop\tests\Unit\Service\ProductAdminServiceTest.php" tests="5" assertions="7" errors="0" failures="0" skipped="0" time="0.177258">
        <testcase name="it_can_get_active_menus" file="C:\xampp\htdocs\shop\tests\Unit\Service\ProductAdminServiceTest.php" line="26" class="Tests\Unit\Service\ProductAdminServiceTest" classname="Tests.Unit.Service.ProductAdminServiceTest" assertions="2" time="0.035282"/>
        <testcase name="it_validates_price_correctly" file="C:\xampp\htdocs\shop\tests\Unit\Service\ProductAdminServiceTest.php" line="41" class="Tests\Unit\Service\ProductAdminServiceTest" classname="Tests.Unit.Service.ProductAdminServiceTest" assertions="1" time="0.013111"/>
        <testcase name="it_fails_validation_when_sale_price_higher_than_original" file="C:\xampp\htdocs\shop\tests\Unit\Service\ProductAdminServiceTest.php" line="58" class="Tests\Unit\Service\ProductAdminServiceTest" classname="Tests.Unit.Service.ProductAdminServiceTest" assertions="1" time="0.029789"/>
        <testcase name="it_can_insert_product" file="C:\xampp\htdocs\shop\tests\Unit\Service\ProductAdminServiceTest.php" line="75" class="Tests\Unit\Service\ProductAdminServiceTest" classname="Tests.Unit.Service.ProductAdminServiceTest" assertions="1" time="0.046372"/>
        <testcase name="it_can_delete_product" file="C:\xampp\htdocs\shop\tests\Unit\Service\ProductAdminServiceTest.php" line="111" class="Tests\Unit\Service\ProductAdminServiceTest" classname="Tests.Unit.Service.ProductAdminServiceTest" assertions="2" time="0.052704"/>
      </testsuite>
      <testsuite name="Tests\Unit\Service\ProductServiceTest" file="C:\xampp\htdocs\shop\tests\Unit\Service\ProductServiceTest.php" tests="7" assertions="7" errors="1" failures="0" skipped="0" time="0.248862">
        <testcase name="test_get_products_with_pagination" file="C:\xampp\htdocs\shop\tests\Unit\Service\ProductServiceTest.php" line="23" class="Tests\Unit\Service\ProductServiceTest" classname="Tests.Unit.Service.ProductServiceTest" assertions="1" time="0.056649"/>
        <testcase name="test_get_all_active_products" file="C:\xampp\htdocs\shop\tests\Unit\Service\ProductServiceTest.php" line="35" class="Tests\Unit\Service\ProductServiceTest" classname="Tests.Unit.Service.ProductServiceTest" assertions="1" time="0.028997"/>
        <testcase name="test_show_products_by_menu" file="C:\xampp\htdocs\shop\tests\Unit\Service\ProductServiceTest.php" line="48" class="Tests\Unit\Service\ProductServiceTest" classname="Tests.Unit.Service.ProductServiceTest" assertions="1" time="0.033010"/>
        <testcase name="test_get_single_product" file="C:\xampp\htdocs\shop\tests\Unit\Service\ProductServiceTest.php" line="66" class="Tests\Unit\Service\ProductServiceTest" classname="Tests.Unit.Service.ProductServiceTest" assertions="1" time="0.032506"/>
        <testcase name="test_get_more_products" file="C:\xampp\htdocs\shop\tests\Unit\Service\ProductServiceTest.php" line="78" class="Tests\Unit\Service\ProductServiceTest" classname="Tests.Unit.Service.ProductServiceTest" assertions="2" time="0.029894"/>
        <testcase name="test_search_products_by_keyword" file="C:\xampp\htdocs\shop\tests\Unit\Service\ProductServiceTest.php" line="92" class="Tests\Unit\Service\ProductServiceTest" classname="Tests.Unit.Service.ProductServiceTest" assertions="1" time="0.017758"/>
        <testcase name="test_search_products_by_price_range" file="C:\xampp\htdocs\shop\tests\Unit\Service\ProductServiceTest.php" line="106" class="Tests\Unit\Service\ProductServiceTest" classname="Tests.Unit.Service.ProductServiceTest" assertions="0" time="0.050048">
          <error type="BadMethodCallException">Tests\Unit\Service\ProductServiceTest::test_search_products_by_price_range&#13;
BadMethodCallException: Method Illuminate\Database\Eloquent\Collection::total does not exist.
&#13;
C:\xampp\htdocs\shop\vendor\laravel\framework\src\Illuminate\Macroable\Traits\Macroable.php:115
C:\xampp\htdocs\shop\tests\Unit\Service\ProductServiceTest.php:117</error>
        </testcase>
      </testsuite>
      <testsuite name="Tests\Unit\Service\SliderServiceTest" file="C:\xampp\htdocs\shop\tests\Unit\Service\SliderServiceTest.php" tests="7" assertions="16" errors="0" failures="0" skipped="0" time="0.262708">
        <testcase name="test_insert_slider_successfully" file="C:\xampp\htdocs\shop\tests\Unit\Service\SliderServiceTest.php" line="27" class="Tests\Unit\Service\SliderServiceTest" classname="Tests.Unit.Service.SliderServiceTest" assertions="2" time="0.054033"/>
        <testcase name="test_insert_slider_fails" file="C:\xampp\htdocs\shop\tests\Unit\Service\SliderServiceTest.php" line="45" class="Tests\Unit\Service\SliderServiceTest" classname="Tests.Unit.Service.SliderServiceTest" assertions="2" time="0.038976"/>
        <testcase name="test_show_returns_correct_data" file="C:\xampp\htdocs\shop\tests\Unit\Service\SliderServiceTest.php" line="55" class="Tests\Unit\Service\SliderServiceTest" classname="Tests.Unit.Service.SliderServiceTest" assertions="4" time="0.017409"/>
        <testcase name="test_get_returns_paginated_data" file="C:\xampp\htdocs\shop\tests\Unit\Service\SliderServiceTest.php" line="68" class="Tests\Unit\Service\SliderServiceTest" classname="Tests.Unit.Service.SliderServiceTest" assertions="2" time="0.052221"/>
        <testcase name="test_update_slider_successfully" file="C:\xampp\htdocs\shop\tests\Unit\Service\SliderServiceTest.php" line="78" class="Tests\Unit\Service\SliderServiceTest" classname="Tests.Unit.Service.SliderServiceTest" assertions="2" time="0.041360"/>
        <testcase name="test_delete_slider_successfully" file="C:\xampp\htdocs\shop\tests\Unit\Service\SliderServiceTest.php" line="97" class="Tests\Unit\Service\SliderServiceTest" classname="Tests.Unit.Service.SliderServiceTest" assertions="3" time="0.020602"/>
        <testcase name="test_delete_slider_with_invalid_id" file="C:\xampp\htdocs\shop\tests\Unit\Service\SliderServiceTest.php" line="114" class="Tests\Unit\Service\SliderServiceTest" classname="Tests.Unit.Service.SliderServiceTest" assertions="1" time="0.038108"/>
      </testsuite>
      <testsuite name="Service\UploadServiceTest" file="C:\xampp\htdocs\shop\tests\Unit\Service\UploadServiceTest.php" tests="3" assertions="3" errors="0" failures="1" skipped="0" time="0.037605">
        <testcase name="test_can_store_file_successfully" file="C:\xampp\htdocs\shop\tests\Unit\Service\UploadServiceTest.php" line="23" class="Service\UploadServiceTest" classname="Service.UploadServiceTest" assertions="1" time="0.016311">
          <failure type="PHPUnit\Framework\ExpectationFailedException">Service\UploadServiceTest::test_can_store_file_successfully&#13;
Failed asserting that null is of type string.
&#13;
C:\xampp\htdocs\shop\tests\Unit\Service\UploadServiceTest.php:33</failure>
        </testcase>
        <testcase name="test_returns_false_when_no_file_provided" file="C:\xampp\htdocs\shop\tests\Unit\Service\UploadServiceTest.php" line="39" class="Service\UploadServiceTest" classname="Service.UploadServiceTest" assertions="1" time="0.010549"/>
        <testcase name="test_returns_false_when_file_upload_fails" file="C:\xampp\htdocs\shop\tests\Unit\Service\UploadServiceTest.php" line="49" class="Service\UploadServiceTest" classname="Service.UploadServiceTest" assertions="1" time="0.010745"/>
      </testsuite>
    </testsuite>
    <testsuite name="Feature" tests="1" assertions="1" errors="0" failures="0" skipped="0" time="0.036107">
      <testsuite name="Tests\Feature\ExampleTest" file="C:\xampp\htdocs\shop\tests\Feature\ExampleTest.php" tests="1" assertions="1" errors="0" failures="0" skipped="0" time="0.036107">
        <testcase name="test_the_application_returns_a_successful_response" file="C:\xampp\htdocs\shop\tests\Feature\ExampleTest.php" line="13" class="Tests\Feature\ExampleTest" classname="Tests.Feature.ExampleTest" assertions="1" time="0.036107"/>
      </testsuite>
    </testsuite>
  </testsuite>
</testsuites>
